0 info it worked if it ends with ok
1 verbose cli [ 'C:\\Program Files\\nodejs\\node.exe',
1 verbose cli   'C:\\Users\\plaul1\\AppData\\Roaming\\npm\\node_modules\\npm\\bin\\npm-cli.js',
1 verbose cli   'start' ]
2 info using npm@4.1.2
3 info using node@v6.11.0
4 verbose run-script [ 'prestart', 'start', 'poststart' ]
5 info lifecycle router4@0.1.0~prestart: router4@0.1.0
6 silly lifecycle router4@0.1.0~prestart: no script for prestart, continuing
7 info lifecycle router4@0.1.0~start: router4@0.1.0
8 verbose lifecycle router4@0.1.0~start: unsafe-perm in lifecycle true
9 verbose lifecycle router4@0.1.0~start: PATH: C:\Users\plaul1\AppData\Roaming\npm\node_modules\npm\bin\node-gyp-bin;c:\DELETE\react\router4\node_modules\.bin;C:\Program Files\Common Files\Microsoft Shared\Microsoft Online Services;C:\Program Files (x86)\Common Files\Microsoft Shared\Microsoft Online Services;C:\Users\plaul1\AppData\Local\Android\sdk\;C:\Users\plaul1\AppData\Local\Android\sdk\\tools;C:\Users\plaul1\AppData\Local\Android\sdk\\platform-tools;C:\Program Files\Java\jdk1.8.0_05\bin;C:\ProgramData\Oracle\Java\javapath;C:\Program Files (x86)\PC Connectivity Solution\;C:\Program Files (x86)\Intel\iCLS Client\;C:\Program Files\Intel\iCLS Client\;C:\Windows\system32;C:\Windows;C:\Windows\System32\Wbem;C:\Windows\System32\WindowsPowerShell\v1.0\;C:\Program Files (x86)\Windows Live\Shared;C:\Program Files\Intel\Intel(R) Management Engine Components\DAL;C:\Program Files\Intel\Intel(R) Management Engine Components\IPT;C:\Program Files (x86)\Intel\Intel(R) Management Engine Components\DAL;C:\Program Files (x86)\Intel\Intel(R) Management Engine Components\IPT;C:\Program Files (x86)\Heroku\bin;C:\Program Files (x86)\git\cmd;c:\tools\;C:\Program Files (x86)\Windows Kits\8.1\Windows Performance Toolkit\;C:\Program Files\Microsoft SQL Server\110\Tools\Binn\;C:\tools\Heroku\bin;C:\Program Files (x86)\notepad++;C:\Program Files (x86)\GitExtensions\;C:\Heroku\bin;%M2_HOME%\bin;C:\Program Files\Microsoft\Web Platform Installer\;C:\Program Files\MongoDB\Server\3.2\bin;C:\Users\plaul1\gradle\gradle-2.13\bin\;C:\Program Files\Git\cmd;C:\Program Files\nodejs\;C:\Program Files (x86)\Yarn\bin;C:\Program Files\MySQL\MySQL Utilities 1.6\;C:\Ruby21-x64\bin;C:\Program Files\Apache Software Foundation\apache-maven-3.3.9\bin;C:\Users\plaul1\AppData\Local\atom\bin;C:\Users\plaul1\AppData\Roaming\npm;C:\Users\plaul1\AppData\Local\Yarn\bin;C:\Program Files (x86)\Microsoft VS Code\bin
10 verbose lifecycle router4@0.1.0~start: CWD: c:\DELETE\react\router4
11 silly lifecycle router4@0.1.0~start: Args: [ '/d /s /c', 'react-scripts start' ]
12 silly lifecycle router4@0.1.0~start: Returned: code: 3221225786  signal: null
13 info lifecycle router4@0.1.0~start: Failed to exec start script
14 verbose stack Error: router4@0.1.0 start: `react-scripts start`
14 verbose stack Exit status 3221225786
14 verbose stack     at EventEmitter.<anonymous> (C:\Users\plaul1\AppData\Roaming\npm\node_modules\npm\lib\utils\lifecycle.js:279:16)
14 verbose stack     at emitTwo (events.js:106:13)
14 verbose stack     at EventEmitter.emit (events.js:191:7)
14 verbose stack     at ChildProcess.<anonymous> (C:\Users\plaul1\AppData\Roaming\npm\node_modules\npm\lib\utils\spawn.js:40:14)
14 verbose stack     at emitTwo (events.js:106:13)
14 verbose stack     at ChildProcess.emit (events.js:191:7)
14 verbose stack     at maybeClose (internal/child_process.js:891:16)
14 verbose stack     at Process.ChildProcess._handle.onexit (internal/child_process.js:226:5)
15 verbose pkgid router4@0.1.0
16 verbose cwd c:\DELETE\react\router4
17 error Windows_NT 6.3.9600
18 error argv "C:\\Program Files\\nodejs\\node.exe" "C:\\Users\\plaul1\\AppData\\Roaming\\npm\\node_modules\\npm\\bin\\npm-cli.js" "start"
19 error node v6.11.0
20 error npm  v4.1.2
21 error code ELIFECYCLE
22 error router4@0.1.0 start: `react-scripts start`
22 error Exit status 3221225786
23 error Failed at the router4@0.1.0 start script 'react-scripts start'.
23 error Make sure you have the latest version of node.js and npm installed.
23 error If you do, this is most likely a problem with the router4 package,
23 error not with npm itself.
23 error Tell the author that this fails on your system:
23 error     react-scripts start
23 error You can get information on how to open an issue for this project with:
23 error     npm bugs router4
23 error Or if that isn't available, you can get their info via:
23 error     npm owner ls router4
23 error There is likely additional logging output above.
24 verbose exit [ 1, true ]
